{"context":"RoutesResolver","level":"info","message":"ContactController {/contact}:","service":"a4-technologies-backend","timestamp":"2025-10-11 08:08:22"}
{"context":"RouterExplorer","level":"info","message":"Mapped {/contact, POST} route","service":"a4-technologies-backend","timestamp":"2025-10-11 08:08:22"}
{"context":"RoutesResolver","level":"info","message":"HealthController {/health}:","service":"a4-technologies-backend","timestamp":"2025-10-11 08:08:22"}
{"context":"RouterExplorer","level":"info","message":"Mapped {/health, GET} route","service":"a4-technologies-backend","timestamp":"2025-10-11 08:08:22"}
{"context":"RouterExplorer","level":"info","message":"Mapped {/health/smtp, GET} route","service":"a4-technologies-backend","timestamp":"2025-10-11 08:08:22"}
{"context":"testSmtpConnection","level":"info","message":"🔍 Testing SMTP connection...","service":"a4-technologies-backend","timestamp":"2025-10-11 08:08:22"}
{"context":"testSmtpConnection","level":"error","message":"❌ SMTP Connection: FALSE - Connection failed!","service":"a4-technologies-backend","stack":["Error: Connection closed\n    at SMTPConnection.<anonymous> (C:\\Users\\HP\\Documents\\projects\\techspire\\A4TechnologiesFinal\\backend\\node_modules\\nodemailer\\lib\\smtp-transport\\index.js:355:33)\n    at Object.onceWrapper (node:events:638:28)\n    at SMTPConnection.emit (node:events:524:28)\n    at SMTPConnection.emit (node:domain:489:12)\n    at SMTPConnection._destroy (C:\\Users\\HP\\Documents\\projects\\techspire\\A4TechnologiesFinal\\backend\\node_modules\\nodemailer\\lib\\smtp-connection\\index.js:899:14)\n    at SMTPConnection._onClose (C:\\Users\\HP\\Documents\\projects\\techspire\\A4TechnologiesFinal\\backend\\node_modules\\nodemailer\\lib\\smtp-connection\\index.js:868:14)\n    at Socket.SMTPConnection._onSocketClose (C:\\Users\\HP\\Documents\\projects\\techspire\\A4TechnologiesFinal\\backend\\node_modules\\nodemailer\\lib\\smtp-connection\\index.js:197:42)\n    at Object.onceWrapper (node:events:639:26)\n    at Socket.emit (node:events:524:28)\n    at Socket.emit (node:domain:489:12)"],"timestamp":"2025-10-11 08:08:32"}
{"context":"SmtpLoggerService","level":"error","message":"🔍 SMTP Host: smtp.gmail.com","service":"a4-technologies-backend","stack":["testSmtpConnection"],"timestamp":"2025-10-11 08:08:32"}
{"context":"SmtpLoggerService","level":"error","message":"🔌 SMTP Port: 465","service":"a4-technologies-backend","stack":["testSmtpConnection"],"timestamp":"2025-10-11 08:08:32"}
{"context":"SmtpLoggerService","level":"error","message":"👤 SMTP User: lucif3r7h3arc4n9el@gmail.com","service":"a4-technologies-backend","stack":["testSmtpConnection"],"timestamp":"2025-10-11 08:08:32"}
{"context":"SmtpLoggerService","level":"error","message":"🔐 SMTP Pass: Set","service":"a4-technologies-backend","stack":["testSmtpConnection"],"timestamp":"2025-10-11 08:08:32"}
{"context":"SmtpLoggerService","level":"error","message":"💥 Error Details: Connection closed","service":"a4-technologies-backend","stack":["testSmtpConnection"],"timestamp":"2025-10-11 08:08:32"}
{"context":"NestApplication","level":"info","message":"Nest application successfully started","service":"a4-technologies-backend","timestamp":"2025-10-11 08:08:32"}
{"context":"Bootstrap","level":"info","message":"🚀 Application is running on: http://localhost:4000","service":"a4-technologies-backend","timestamp":"2025-10-11 08:08:32"}
{"context":"Bootstrap","level":"info","message":"📧 Email service configured with SMTP_HOST: smtp.gmail.com","service":"a4-technologies-backend","timestamp":"2025-10-11 08:08:32"}
{"context":"Bootstrap","level":"info","message":"🔍 Testing SMTP connection on startup...","service":"a4-technologies-backend","timestamp":"2025-10-11 08:08:32"}
{"context":"testSmtpConnection","level":"info","message":"🔍 Testing SMTP connection...","service":"a4-technologies-backend","timestamp":"2025-10-11 08:08:32"}
{"context":"testSmtpConnection","level":"error","message":"❌ SMTP Connection: FALSE - Connection failed!","service":"a4-technologies-backend","stack":["Error: Connection closed\n    at SMTPConnection.<anonymous> (C:\\Users\\HP\\Documents\\projects\\techspire\\A4TechnologiesFinal\\backend\\node_modules\\nodemailer\\lib\\smtp-transport\\index.js:355:33)\n    at Object.onceWrapper (node:events:638:28)\n    at SMTPConnection.emit (node:events:524:28)\n    at SMTPConnection.emit (node:domain:489:12)\n    at SMTPConnection._destroy (C:\\Users\\HP\\Documents\\projects\\techspire\\A4TechnologiesFinal\\backend\\node_modules\\nodemailer\\lib\\smtp-connection\\index.js:899:14)\n    at SMTPConnection._onClose (C:\\Users\\HP\\Documents\\projects\\techspire\\A4TechnologiesFinal\\backend\\node_modules\\nodemailer\\lib\\smtp-connection\\index.js:868:14)\n    at Socket.SMTPConnection._onSocketClose (C:\\Users\\HP\\Documents\\projects\\techspire\\A4TechnologiesFinal\\backend\\node_modules\\nodemailer\\lib\\smtp-connection\\index.js:197:42)\n    at Object.onceWrapper (node:events:639:26)\n    at Socket.emit (node:events:524:28)\n    at Socket.emit (node:domain:489:12)"],"timestamp":"2025-10-11 08:08:43"}
{"context":"SmtpLoggerService","level":"error","message":"🔍 SMTP Host: smtp.gmail.com","service":"a4-technologies-backend","stack":["testSmtpConnection"],"timestamp":"2025-10-11 08:08:43"}
{"context":"SmtpLoggerService","level":"error","message":"🔌 SMTP Port: 465","service":"a4-technologies-backend","stack":["testSmtpConnection"],"timestamp":"2025-10-11 08:08:43"}
{"context":"SmtpLoggerService","level":"error","message":"👤 SMTP User: lucif3r7h3arc4n9el@gmail.com","service":"a4-technologies-backend","stack":["testSmtpConnection"],"timestamp":"2025-10-11 08:08:43"}
{"context":"SmtpLoggerService","level":"error","message":"🔐 SMTP Pass: Set","service":"a4-technologies-backend","stack":["testSmtpConnection"],"timestamp":"2025-10-11 08:08:43"}
{"context":"SmtpLoggerService","level":"error","message":"💥 Error Details: Connection closed","service":"a4-technologies-backend","stack":["testSmtpConnection"],"timestamp":"2025-10-11 08:08:43"}
{"context":"RoutesResolver","level":"info","message":"ContactController {/contact}:","service":"a4-technologies-backend","timestamp":"2025-10-11 08:09:57"}
{"context":"RouterExplorer","level":"info","message":"Mapped {/contact, POST} route","service":"a4-technologies-backend","timestamp":"2025-10-11 08:09:57"}
{"context":"RoutesResolver","level":"info","message":"HealthController {/health}:","service":"a4-technologies-backend","timestamp":"2025-10-11 08:09:57"}
{"context":"RouterExplorer","level":"info","message":"Mapped {/health, GET} route","service":"a4-technologies-backend","timestamp":"2025-10-11 08:09:57"}
{"context":"RouterExplorer","level":"info","message":"Mapped {/health/smtp, GET} route","service":"a4-technologies-backend","timestamp":"2025-10-11 08:09:57"}
{"context":"testSmtpConnection","level":"info","message":"SMTP Connection: FALSE","service":"a4-technologies-backend","timestamp":"2025-10-11 08:10:07"}
{"context":"NestApplication","level":"info","message":"Nest application successfully started","service":"a4-technologies-backend","timestamp":"2025-10-11 08:10:07"}
{"context":"Bootstrap","level":"info","message":"Application is running on: http://localhost:4000","service":"a4-technologies-backend","timestamp":"2025-10-11 08:10:07"}
{"context":"testSmtpConnection","level":"info","message":"SMTP Connection: FALSE","service":"a4-technologies-backend","timestamp":"2025-10-11 08:10:18"}
